<?xml version="1.0" encoding="UTF-8"?>
<coverage generated="1722432178736" clover="3.2.0">
  <project timestamp="1722432178736" name="All files">
    <metrics statements="62" coveredstatements="33" conditionals="23" coveredconditionals="16" methods="23" coveredmethods="14" elements="108" coveredelements="63" complexity="0" loc="62" ncloc="62" packages="2" files="2" classes="2"/>
    <package name="handlers">
      <metrics statements="51" coveredstatements="30" conditionals="17" coveredconditionals="14" methods="22" coveredmethods="14"/>
      <file name="AiCompletionHandler.js" path="/Users/pierredeclemy/Documents/code/discord-gpt-js/handlers/AiCompletionHandler.js">
        <metrics statements="51" coveredstatements="30" conditionals="17" coveredconditionals="14" methods="22" coveredmethods="14"/>
        <line num="4" count="1" type="cond" truecount="2" falsecount="0"/>
        <line num="5" count="1" type="cond" truecount="2" falsecount="1"/>
        <line num="6" count="1" type="cond" truecount="1" falsecount="1"/>
        <line num="7" count="1" type="cond" truecount="2" falsecount="0"/>
        <line num="12" count="6" type="stmt"/>
        <line num="13" count="6" type="stmt"/>
        <line num="14" count="6" type="stmt"/>
        <line num="15" count="6" type="stmt"/>
        <line num="16" count="6" type="stmt"/>
        <line num="21" count="0" type="stmt"/>
        <line num="22" count="0" type="stmt"/>
        <line num="23" count="0" type="stmt"/>
        <line num="24" count="0" type="stmt"/>
        <line num="25" count="0" type="stmt"/>
        <line num="28" count="0" type="stmt"/>
        <line num="33" count="0" type="stmt"/>
        <line num="34" count="0" type="stmt"/>
        <line num="38" count="0" type="stmt"/>
        <line num="39" count="0" type="stmt"/>
        <line num="47" count="0" type="stmt"/>
        <line num="48" count="0" type="stmt"/>
        <line num="57" count="0" type="stmt"/>
        <line num="58" count="0" type="stmt"/>
        <line num="60" count="0" type="stmt"/>
        <line num="61" count="0" type="stmt"/>
        <line num="62" count="0" type="stmt"/>
        <line num="64" count="0" type="stmt"/>
        <line num="71" count="0" type="stmt"/>
        <line num="72" count="0" type="stmt"/>
        <line num="73" count="0" type="stmt"/>
        <line num="78" count="13" type="stmt"/>
        <line num="80" count="13" type="stmt"/>
        <line num="81" count="13" type="cond" truecount="2" falsecount="0"/>
        <line num="82" count="1" type="stmt"/>
        <line num="84" count="13" type="stmt"/>
        <line num="85" count="13" type="stmt"/>
        <line num="89" count="4" type="stmt"/>
        <line num="90" count="10" type="stmt"/>
        <line num="95" count="1" type="stmt"/>
        <line num="99" count="6" type="stmt"/>
        <line num="103" count="6" type="stmt"/>
        <line num="107" count="1" type="stmt"/>
        <line num="108" count="1" type="stmt"/>
        <line num="109" count="1" type="stmt"/>
        <line num="114" count="1" type="stmt"/>
        <line num="115" count="1" type="stmt"/>
        <line num="116" count="2" type="cond" truecount="1" falsecount="1"/>
        <line num="117" count="2" type="cond" truecount="2" falsecount="0"/>
        <line num="118" count="2" type="stmt"/>
        <line num="119" count="2" type="stmt"/>
        <line num="123" count="1" type="stmt"/>
      </file>
    </package>
    <package name="tools">
      <metrics statements="11" coveredstatements="3" conditionals="6" coveredconditionals="2" methods="1" coveredmethods="0"/>
      <file name="generateImage.js" path="/Users/pierredeclemy/Documents/code/discord-gpt-js/tools/generateImage.js">
        <metrics statements="11" coveredstatements="3" conditionals="6" coveredconditionals="2" methods="1" coveredmethods="0"/>
        <line num="4" count="1" type="cond" truecount="2" falsecount="0"/>
        <line num="6" count="1" type="stmt"/>
        <line num="8" count="0" type="stmt"/>
        <line num="9" count="0" type="stmt"/>
        <line num="10" count="0" type="stmt"/>
        <line num="16" count="0" type="stmt"/>
        <line num="22" count="0" type="stmt"/>
        <line num="24" count="0" type="stmt"/>
        <line num="25" count="0" type="cond" truecount="0" falsecount="4"/>
        <line num="26" count="0" type="stmt"/>
        <line num="31" count="1" type="stmt"/>
      </file>
    </package>
  </project>
</coverage>
