<?xml version="1.0" encoding="UTF-8"?>
<coverage generated="1722340320164" clover="3.2.0">
  <project timestamp="1722340320164" name="All files">
    <metrics statements="53" coveredstatements="32" conditionals="19" coveredconditionals="16" methods="22" coveredmethods="15" elements="94" coveredelements="63" complexity="0" loc="53" ncloc="53" packages="1" files="1" classes="1"/>
    <file name="AiCompletionHandler.js" path="/Users/pierredeclemy/Documents/code/discord-gpt-js/handlers/AiCompletionHandler.js">
      <metrics statements="53" coveredstatements="32" conditionals="19" coveredconditionals="16" methods="22" coveredmethods="15"/>
      <line num="5" count="1" type="cond" truecount="2" falsecount="0"/>
      <line num="6" count="1" type="cond" truecount="2" falsecount="0"/>
      <line num="7" count="1" type="cond" truecount="2" falsecount="1"/>
      <line num="8" count="1" type="cond" truecount="1" falsecount="1"/>
      <line num="9" count="1" type="cond" truecount="2" falsecount="0"/>
      <line num="14" count="1" type="stmt"/>
      <line num="15" count="1" type="stmt"/>
      <line num="16" count="1" type="stmt"/>
      <line num="17" count="1" type="stmt"/>
      <line num="18" count="1" type="stmt"/>
      <line num="23" count="0" type="stmt"/>
      <line num="24" count="0" type="stmt"/>
      <line num="25" count="0" type="stmt"/>
      <line num="26" count="0" type="stmt"/>
      <line num="27" count="0" type="stmt"/>
      <line num="30" count="0" type="stmt"/>
      <line num="35" count="0" type="stmt"/>
      <line num="36" count="0" type="stmt"/>
      <line num="40" count="0" type="stmt"/>
      <line num="41" count="0" type="stmt"/>
      <line num="49" count="0" type="stmt"/>
      <line num="50" count="0" type="stmt"/>
      <line num="56" count="0" type="stmt"/>
      <line num="57" count="0" type="stmt"/>
      <line num="59" count="0" type="stmt"/>
      <line num="60" count="0" type="stmt"/>
      <line num="61" count="0" type="stmt"/>
      <line num="63" count="0" type="stmt"/>
      <line num="70" count="0" type="stmt"/>
      <line num="71" count="0" type="stmt"/>
      <line num="72" count="0" type="stmt"/>
      <line num="77" count="34" type="stmt"/>
      <line num="79" count="13" type="stmt"/>
      <line num="80" count="13" type="cond" truecount="2" falsecount="0"/>
      <line num="81" count="7" type="stmt"/>
      <line num="83" count="34" type="stmt"/>
      <line num="84" count="13" type="stmt"/>
      <line num="88" count="4" type="stmt"/>
      <line num="89" count="10" type="stmt"/>
      <line num="94" count="4" type="stmt"/>
      <line num="98" count="8" type="stmt"/>
      <line num="102" count="8" type="stmt"/>
      <line num="106" count="1" type="stmt"/>
      <line num="107" count="1" type="stmt"/>
      <line num="108" count="1" type="stmt"/>
      <line num="113" count="1" type="stmt"/>
      <line num="114" count="1" type="stmt"/>
      <line num="115" count="2" type="cond" truecount="1" falsecount="1"/>
      <line num="116" count="2" type="cond" truecount="2" falsecount="0"/>
      <line num="117" count="2" type="stmt"/>
      <line num="118" count="2" type="stmt"/>
      <line num="122" count="1" type="stmt"/>
      <line num="126" count="1" type="stmt"/>
    </file>
  </project>
</coverage>
