{"/Users/pierredeclemy/Documents/code/discord-gpt-js/handlers/AiCompletionHandler.js": {"path":"/Users/pierredeclemy/Documents/code/discord-gpt-js/handlers/AiCompletionHandler.js","statementMap":{"0":{"start":{"line":5,"column":15},"end":{"line":5,"column":50}},"1":{"start":{"line":6,"column":20},"end":{"line":6,"column":67}},"2":{"start":{"line":7,"column":27},"end":{"line":7,"column":104}},"3":{"start":{"line":8,"column":13},"end":{"line":8,"column":44}},"4":{"start":{"line":9,"column":19},"end":{"line":9,"column":63}},"5":{"start":{"line":14,"column":4},"end":{"line":14,"column":29}},"6":{"start":{"line":15,"column":4},"end":{"line":15,"column":25}},"7":{"start":{"line":16,"column":4},"end":{"line":16,"column":23}},"8":{"start":{"line":17,"column":4},"end":{"line":17,"column":23}},"9":{"start":{"line":18,"column":4},"end":{"line":18,"column":24}},"10":{"start":{"line":23,"column":4},"end":{"line":43,"column":7}},"11":{"start":{"line":24,"column":6},"end":{"line":42,"column":7}},"12":{"start":{"line":25,"column":8},"end":{"line":25,"column":44}},"13":{"start":{"line":26,"column":8},"end":{"line":26,"column":124}},"14":{"start":{"line":26,"column":77},"end":{"line":26,"column":108}},"15":{"start":{"line":27,"column":8},"end":{"line":37,"column":11}},"16":{"start":{"line":30,"column":94},"end":{"line":30,"column":125}},"17":{"start":{"line":35,"column":10},"end":{"line":35,"column":59}},"18":{"start":{"line":36,"column":10},"end":{"line":36,"column":55}},"19":{"start":{"line":40,"column":8},"end":{"line":40,"column":27}},"20":{"start":{"line":41,"column":8},"end":{"line":41,"column":22}},"21":{"start":{"line":49,"column":19},"end":{"line":49,"column":31}},"22":{"start":{"line":50,"column":23},"end":{"line":55,"column":5}},"23":{"start":{"line":56,"column":23},"end":{"line":56,"column":67}},"24":{"start":{"line":57,"column":4},"end":{"line":57,"column":85}},"25":{"start":{"line":58,"column":4},"end":{"line":58,"column":33}},"26":{"start":{"line":59,"column":4},"end":{"line":59,"column":30}},"27":{"start":{"line":60,"column":4},"end":{"line":72,"column":9}},"28":{"start":{"line":62,"column":23},"end":{"line":68,"column":12}},"29":{"start":{"line":69,"column":23},"end":{"line":69,"column":50}},"30":{"start":{"line":70,"column":8},"end":{"line":70,"column":68}},"31":{"start":{"line":71,"column":8},"end":{"line":71,"column":26}},"32":{"start":{"line":76,"column":26},"end":{"line":76,"column":90}},"33":{"start":{"line":76,"column":54},"end":{"line":76,"column":89}},"34":{"start":{"line":78,"column":4},"end":{"line":78,"column":34}},"35":{"start":{"line":79,"column":4},"end":{"line":81,"column":5}},"36":{"start":{"line":80,"column":6},"end":{"line":80,"column":30}},"37":{"start":{"line":82,"column":4},"end":{"line":82,"column":85}},"38":{"start":{"line":82,"column":48},"end":{"line":82,"column":83}},"39":{"start":{"line":83,"column":4},"end":{"line":83,"column":59}},"40":{"start":{"line":87,"column":4},"end":{"line":89,"column":7}},"41":{"start":{"line":88,"column":6},"end":{"line":88,"column":47}},"42":{"start":{"line":93,"column":4},"end":{"line":93,"column":77}},"43":{"start":{"line":93,"column":48},"end":{"line":93,"column":75}},"44":{"start":{"line":97,"column":4},"end":{"line":97,"column":82}},"45":{"start":{"line":97,"column":39},"end":{"line":97,"column":66}},"46":{"start":{"line":101,"column":4},"end":{"line":101,"column":84}},"47":{"start":{"line":101,"column":39},"end":{"line":101,"column":66}},"48":{"start":{"line":105,"column":4},"end":{"line":105,"column":47}},"49":{"start":{"line":106,"column":28},"end":{"line":106,"column":73}},"50":{"start":{"line":107,"column":4},"end":{"line":107,"column":51}},"51":{"start":{"line":112,"column":19},"end":{"line":112,"column":21}},"52":{"start":{"line":113,"column":4},"end":{"line":118,"column":7}},"53":{"start":{"line":114,"column":8},"end":{"line":117,"column":9}},"54":{"start":{"line":115,"column":25},"end":{"line":115,"column":62}},"55":{"start":{"line":116,"column":12},"end":{"line":116,"column":144}},"56":{"start":{"line":120,"column":4},"end":{"line":120,"column":20}},"57":{"start":{"line":124,"column":28},"end":{"line":124,"column":76}}},"fnMap":{"0":{"name":"(anonymous_0)","decl":{"start":{"line":13,"column":2},"end":{"line":13,"column":3}},"loc":{"start":{"line":13,"column":39},"end":{"line":19,"column":3}},"line":13},"1":{"name":"(anonymous_1)","decl":{"start":{"line":21,"column":2},"end":{"line":21,"column":3}},"loc":{"start":{"line":21,"column":24},"end":{"line":44,"column":3}},"line":21},"2":{"name":"(anonymous_2)","decl":{"start":{"line":23,"column":23},"end":{"line":23,"column":24}},"loc":{"start":{"line":23,"column":44},"end":{"line":43,"column":5}},"line":23},"3":{"name":"(anonymous_3)","decl":{"start":{"line":26,"column":70},"end":{"line":26,"column":71}},"loc":{"start":{"line":26,"column":77},"end":{"line":26,"column":108}},"line":26},"4":{"name":"(anonymous_4)","decl":{"start":{"line":30,"column":87},"end":{"line":30,"column":88}},"loc":{"start":{"line":30,"column":94},"end":{"line":30,"column":125}},"line":30},"5":{"name":"(anonymous_5)","decl":{"start":{"line":34,"column":16},"end":{"line":34,"column":17}},"loc":{"start":{"line":34,"column":30},"end":{"line":37,"column":9}},"line":34},"6":{"name":"(anonymous_6)","decl":{"start":{"line":47,"column":2},"end":{"line":47,"column":3}},"loc":{"start":{"line":47,"column":38},"end":{"line":73,"column":3}},"line":47},"7":{"name":"(anonymous_7)","decl":{"start":{"line":60,"column":23},"end":{"line":60,"column":24}},"loc":{"start":{"line":60,"column":50},"end":{"line":72,"column":7}},"line":60},"8":{"name":"(anonymous_8)","decl":{"start":{"line":75,"column":2},"end":{"line":75,"column":3}},"loc":{"start":{"line":75,"column":51},"end":{"line":84,"column":3}},"line":75},"9":{"name":"(anonymous_9)","decl":{"start":{"line":76,"column":47},"end":{"line":76,"column":48}},"loc":{"start":{"line":76,"column":54},"end":{"line":76,"column":89}},"line":76},"10":{"name":"(anonymous_10)","decl":{"start":{"line":82,"column":41},"end":{"line":82,"column":42}},"loc":{"start":{"line":82,"column":48},"end":{"line":82,"column":83}},"line":82},"11":{"name":"(anonymous_11)","decl":{"start":{"line":86,"column":2},"end":{"line":86,"column":3}},"loc":{"start":{"line":86,"column":57},"end":{"line":90,"column":3}},"line":86},"12":{"name":"(anonymous_12)","decl":{"start":{"line":87,"column":21},"end":{"line":87,"column":22}},"loc":{"start":{"line":87,"column":32},"end":{"line":89,"column":5}},"line":87},"13":{"name":"(anonymous_13)","decl":{"start":{"line":92,"column":2},"end":{"line":92,"column":3}},"loc":{"start":{"line":92,"column":40},"end":{"line":94,"column":3}},"line":92},"14":{"name":"(anonymous_14)","decl":{"start":{"line":93,"column":41},"end":{"line":93,"column":42}},"loc":{"start":{"line":93,"column":48},"end":{"line":93,"column":75}},"line":93},"15":{"name":"(anonymous_15)","decl":{"start":{"line":96,"column":2},"end":{"line":96,"column":3}},"loc":{"start":{"line":96,"column":46},"end":{"line":98,"column":3}},"line":96},"16":{"name":"(anonymous_16)","decl":{"start":{"line":97,"column":32},"end":{"line":97,"column":33}},"loc":{"start":{"line":97,"column":39},"end":{"line":97,"column":66}},"line":97},"17":{"name":"(anonymous_17)","decl":{"start":{"line":100,"column":2},"end":{"line":100,"column":3}},"loc":{"start":{"line":100,"column":47},"end":{"line":102,"column":3}},"line":100},"18":{"name":"(anonymous_18)","decl":{"start":{"line":101,"column":32},"end":{"line":101,"column":33}},"loc":{"start":{"line":101,"column":39},"end":{"line":101,"column":66}},"line":101},"19":{"name":"(anonymous_19)","decl":{"start":{"line":104,"column":2},"end":{"line":104,"column":3}},"loc":{"start":{"line":104,"column":41},"end":{"line":108,"column":3}},"line":104},"20":{"name":"(anonymous_20)","decl":{"start":{"line":110,"column":2},"end":{"line":110,"column":3}},"loc":{"start":{"line":110,"column":57},"end":{"line":121,"column":3}},"line":110},"21":{"name":"(anonymous_21)","decl":{"start":{"line":113,"column":45},"end":{"line":113,"column":46}},"loc":{"start":{"line":113,"column":52},"end":{"line":118,"column":5}},"line":113}},"branchMap":{"0":{"loc":{"start":{"line":5,"column":15},"end":{"line":5,"column":50}},"type":"binary-expr","locations":[{"start":{"line":5,"column":15},"end":{"line":5,"column":33}},{"start":{"line":5,"column":37},"end":{"line":5,"column":50}}],"line":5},"1":{"loc":{"start":{"line":6,"column":20},"end":{"line":6,"column":67}},"type":"binary-expr","locations":[{"start":{"line":6,"column":20},"end":{"line":6,"column":45}},{"start":{"line":6,"column":49},"end":{"line":6,"column":67}}],"line":6},"2":{"loc":{"start":{"line":7,"column":27},"end":{"line":7,"column":104}},"type":"binary-expr","locations":[{"start":{"line":7,"column":27},"end":{"line":7,"column":60}},{"start":{"line":7,"column":64},"end":{"line":7,"column":89}},{"start":{"line":7,"column":93},"end":{"line":7,"column":104}}],"line":7},"3":{"loc":{"start":{"line":8,"column":13},"end":{"line":8,"column":44}},"type":"binary-expr","locations":[{"start":{"line":8,"column":13},"end":{"line":8,"column":29}},{"start":{"line":8,"column":33},"end":{"line":8,"column":44}}],"line":8},"4":{"loc":{"start":{"line":9,"column":19},"end":{"line":9,"column":63}},"type":"binary-expr","locations":[{"start":{"line":9,"column":19},"end":{"line":9,"column":42}},{"start":{"line":9,"column":46},"end":{"line":9,"column":63}}],"line":9},"5":{"loc":{"start":{"line":75,"column":31},"end":{"line":75,"column":49}},"type":"default-arg","locations":[{"start":{"line":75,"column":39},"end":{"line":75,"column":49}}],"line":75},"6":{"loc":{"start":{"line":79,"column":4},"end":{"line":81,"column":5}},"type":"if","locations":[{"start":{"line":79,"column":4},"end":{"line":81,"column":5}},{"start":{},"end":{}}],"line":79},"7":{"loc":{"start":{"line":86,"column":37},"end":{"line":86,"column":55}},"type":"default-arg","locations":[{"start":{"line":86,"column":45},"end":{"line":86,"column":55}}],"line":86},"8":{"loc":{"start":{"line":114,"column":8},"end":{"line":117,"column":9}},"type":"if","locations":[{"start":{"line":114,"column":8},"end":{"line":117,"column":9}},{"start":{},"end":{}}],"line":114},"9":{"loc":{"start":{"line":115,"column":25},"end":{"line":115,"column":62}},"type":"cond-expr","locations":[{"start":{"line":115,"column":42},"end":{"line":115,"column":53}},{"start":{"line":115,"column":56},"end":{"line":115,"column":62}}],"line":115}},"s":{"0":1,"1":1,"2":1,"3":1,"4":1,"5":1,"6":1,"7":1,"8":1,"9":1,"10":0,"11":0,"12":0,"13":0,"14":0,"15":0,"16":0,"17":0,"18":0,"19":0,"20":0,"21":0,"22":0,"23":0,"24":0,"25":0,"26":0,"27":0,"28":0,"29":0,"30":0,"31":0,"32":13,"33":34,"34":13,"35":13,"36":7,"37":13,"38":34,"39":13,"40":4,"41":10,"42":1,"43":4,"44":2,"45":8,"46":2,"47":8,"48":1,"49":1,"50":1,"51":1,"52":1,"53":2,"54":2,"55":2,"56":1,"57":1},"f":{"0":1,"1":0,"2":0,"3":0,"4":0,"5":0,"6":0,"7":0,"8":13,"9":34,"10":34,"11":4,"12":10,"13":1,"14":4,"15":2,"16":8,"17":2,"18":8,"19":1,"20":1,"21":2},"b":{"0":[1,1],"1":[1,1],"2":[1,1,0],"3":[1,0],"4":[1,1],"5":[1],"6":[7,6],"7":[1],"8":[2,0],"9":[1,1]},"_coverageSchema":"1a1c01bbd47fc00a2c39e90264f33305004495a9","hash":"43afd9a9865f0738d7b6904c97551b0679f9b80e"}
,"/Users/pierredeclemy/Documents/code/discord-gpt-js/tools/generateImage.js": {"path":"/Users/pierredeclemy/Documents/code/discord-gpt-js/tools/generateImage.js","statementMap":{"0":{"start":{"line":4,"column":18},"end":{"line":4,"column":60}},"1":{"start":{"line":6,"column":22},"end":{"line":23,"column":1}},"2":{"start":{"line":8,"column":4},"end":{"line":22,"column":5}},"3":{"start":{"line":9,"column":23},"end":{"line":9,"column":46}},"4":{"start":{"line":10,"column":25},"end":{"line":15,"column":10}},"5":{"start":{"line":16,"column":8},"end":{"line":16,"column":55}},"6":{"start":{"line":18,"column":8},"end":{"line":18,"column":27}},"7":{"start":{"line":19,"column":8},"end":{"line":21,"column":9}},"8":{"start":{"line":20,"column":12},"end":{"line":20,"column":52}},"9":{"start":{"line":25,"column":26},"end":{"line":37,"column":1}}},"fnMap":{"0":{"name":"(anonymous_0)","decl":{"start":{"line":6,"column":22},"end":{"line":6,"column":23}},"loc":{"start":{"line":6,"column":45},"end":{"line":23,"column":1}},"line":6}},"branchMap":{"0":{"loc":{"start":{"line":4,"column":18},"end":{"line":4,"column":60}},"type":"binary-expr","locations":[{"start":{"line":4,"column":18},"end":{"line":4,"column":40}},{"start":{"line":4,"column":44},"end":{"line":4,"column":60}}],"line":4},"1":{"loc":{"start":{"line":19,"column":8},"end":{"line":21,"column":9}},"type":"if","locations":[{"start":{"line":19,"column":8},"end":{"line":21,"column":9}},{"start":{},"end":{}}],"line":19},"2":{"loc":{"start":{"line":19,"column":12},"end":{"line":19,"column":41}},"type":"binary-expr","locations":[{"start":{"line":19,"column":12},"end":{"line":19,"column":17}},{"start":{"line":19,"column":21},"end":{"line":19,"column":41}}],"line":19}},"s":{"0":1,"1":1,"2":0,"3":0,"4":0,"5":0,"6":0,"7":0,"8":0,"9":1},"f":{"0":0},"b":{"0":[1,1],"1":[0,0],"2":[0,0]},"_coverageSchema":"1a1c01bbd47fc00a2c39e90264f33305004495a9","hash":"63d115de1daca034aea509d8eb93e0e0ac4294a2"}
}
