{"/Users/pierredeclemy/Documents/code/discord-gpt-js/tools.js": {"path":"/Users/pierredeclemy/Documents/code/discord-gpt-js/tools.js","statementMap":{"0":{"start":{"line":9,"column":18},"end":{"line":9,"column":57}},"1":{"start":{"line":11,"column":17},"end":{"line":11,"column":46}},"2":{"start":{"line":12,"column":14},"end":{"line":12,"column":16}},"3":{"start":{"line":14,"column":0},"end":{"line":18,"column":3}},"4":{"start":{"line":14,"column":40},"end":{"line":14,"column":60}},"5":{"start":{"line":15,"column":2},"end":{"line":17,"column":5}},"6":{"start":{"line":16,"column":4},"end":{"line":16,"column":31}},"7":{"start":{"line":20,"column":22},"end":{"line":20,"column":26}},"8":{"start":{"line":21,"column":21},"end":{"line":21,"column":25}},"9":{"start":{"line":22,"column":24},"end":{"line":22,"column":28}},"10":{"start":{"line":24,"column":26},"end":{"line":26,"column":1}},"11":{"start":{"line":25,"column":4},"end":{"line":25,"column":29}},"12":{"start":{"line":28,"column":29},"end":{"line":30,"column":1}},"13":{"start":{"line":29,"column":4},"end":{"line":29,"column":35}},"14":{"start":{"line":32,"column":19},"end":{"line":36,"column":1}},"15":{"start":{"line":33,"column":27},"end":{"line":33,"column":61}},"16":{"start":{"line":34,"column":23},"end":{"line":34,"column":62}},"17":{"start":{"line":35,"column":4},"end":{"line":35,"column":22}}},"fnMap":{"0":{"name":"(anonymous_0)","decl":{"start":{"line":14,"column":32},"end":{"line":14,"column":33}},"loc":{"start":{"line":14,"column":40},"end":{"line":14,"column":60}},"line":14},"1":{"name":"(anonymous_1)","decl":{"start":{"line":14,"column":70},"end":{"line":14,"column":71}},"loc":{"start":{"line":14,"column":78},"end":{"line":18,"column":1}},"line":14},"2":{"name":"(anonymous_2)","decl":{"start":{"line":15,"column":41},"end":{"line":15,"column":42}},"loc":{"start":{"line":15,"column":51},"end":{"line":17,"column":3}},"line":15},"3":{"name":"(anonymous_3)","decl":{"start":{"line":24,"column":26},"end":{"line":24,"column":27}},"loc":{"start":{"line":24,"column":39},"end":{"line":26,"column":1}},"line":24},"4":{"name":"(anonymous_4)","decl":{"start":{"line":28,"column":29},"end":{"line":28,"column":30}},"loc":{"start":{"line":28,"column":45},"end":{"line":30,"column":1}},"line":28},"5":{"name":"(anonymous_5)","decl":{"start":{"line":32,"column":19},"end":{"line":32,"column":20}},"loc":{"start":{"line":32,"column":25},"end":{"line":36,"column":1}},"line":32}},"branchMap":{},"s":{"0":1,"1":1,"2":1,"3":1,"4":6,"5":6,"6":6,"7":1,"8":1,"9":1,"10":1,"11":0,"12":1,"13":0,"14":1,"15":0,"16":0,"17":0},"f":{"0":6,"1":6,"2":6,"3":0,"4":0,"5":0},"b":{},"_coverageSchema":"1a1c01bbd47fc00a2c39e90264f33305004495a9","hash":"b8e643753807af5c60be4d81f01254f108b98f84"}
,"/Users/pierredeclemy/Documents/code/discord-gpt-js/clients/ai-client.js": {"path":"/Users/pierredeclemy/Documents/code/discord-gpt-js/clients/ai-client.js","statementMap":{"0":{"start":{"line":5,"column":18},"end":{"line":5,"column":64}},"1":{"start":{"line":6,"column":0},"end":{"line":6,"column":16}},"2":{"start":{"line":8,"column":17},"end":{"line":10,"column":2}}},"fnMap":{},"branchMap":{"0":{"loc":{"start":{"line":5,"column":18},"end":{"line":5,"column":64}},"type":"binary-expr","locations":[{"start":{"line":5,"column":18},"end":{"line":5,"column":34}},{"start":{"line":5,"column":38},"end":{"line":5,"column":64}}],"line":5},"1":{"loc":{"start":{"line":9,"column":10},"end":{"line":9,"column":49}},"type":"binary-expr","locations":[{"start":{"line":9,"column":10},"end":{"line":9,"column":19}},{"start":{"line":9,"column":23},"end":{"line":9,"column":49}}],"line":9}},"s":{"0":1,"1":1,"2":1},"f":{},"b":{"0":[1,0],"1":[1,0]},"_coverageSchema":"1a1c01bbd47fc00a2c39e90264f33305004495a9","hash":"34d203ba124efac7a202ffd1b6411e6547597f79"}
,"/Users/pierredeclemy/Documents/code/discord-gpt-js/handlers/AiCompletionHandler.js": {"path":"/Users/pierredeclemy/Documents/code/discord-gpt-js/handlers/AiCompletionHandler.js","statementMap":{"0":{"start":{"line":5,"column":15},"end":{"line":5,"column":50}},"1":{"start":{"line":6,"column":20},"end":{"line":6,"column":67}},"2":{"start":{"line":7,"column":27},"end":{"line":7,"column":104}},"3":{"start":{"line":8,"column":13},"end":{"line":8,"column":44}},"4":{"start":{"line":9,"column":19},"end":{"line":9,"column":63}},"5":{"start":{"line":14,"column":4},"end":{"line":14,"column":29}},"6":{"start":{"line":15,"column":4},"end":{"line":15,"column":25}},"7":{"start":{"line":16,"column":4},"end":{"line":16,"column":23}},"8":{"start":{"line":17,"column":4},"end":{"line":17,"column":23}},"9":{"start":{"line":18,"column":4},"end":{"line":18,"column":24}},"10":{"start":{"line":23,"column":4},"end":{"line":43,"column":7}},"11":{"start":{"line":24,"column":6},"end":{"line":42,"column":7}},"12":{"start":{"line":25,"column":8},"end":{"line":25,"column":44}},"13":{"start":{"line":26,"column":8},"end":{"line":26,"column":124}},"14":{"start":{"line":26,"column":77},"end":{"line":26,"column":108}},"15":{"start":{"line":27,"column":8},"end":{"line":37,"column":11}},"16":{"start":{"line":30,"column":94},"end":{"line":30,"column":125}},"17":{"start":{"line":35,"column":10},"end":{"line":35,"column":59}},"18":{"start":{"line":36,"column":10},"end":{"line":36,"column":55}},"19":{"start":{"line":40,"column":8},"end":{"line":40,"column":27}},"20":{"start":{"line":41,"column":8},"end":{"line":41,"column":22}},"21":{"start":{"line":49,"column":19},"end":{"line":49,"column":31}},"22":{"start":{"line":50,"column":23},"end":{"line":52,"column":37}},"23":{"start":{"line":53,"column":23},"end":{"line":53,"column":67}},"24":{"start":{"line":54,"column":4},"end":{"line":54,"column":85}},"25":{"start":{"line":55,"column":4},"end":{"line":55,"column":33}},"26":{"start":{"line":56,"column":4},"end":{"line":56,"column":30}},"27":{"start":{"line":57,"column":4},"end":{"line":68,"column":9}},"28":{"start":{"line":59,"column":23},"end":{"line":64,"column":12}},"29":{"start":{"line":65,"column":23},"end":{"line":65,"column":50}},"30":{"start":{"line":66,"column":8},"end":{"line":66,"column":56}},"31":{"start":{"line":67,"column":8},"end":{"line":67,"column":26}},"32":{"start":{"line":72,"column":28},"end":{"line":72,"column":92}},"33":{"start":{"line":72,"column":56},"end":{"line":72,"column":91}},"34":{"start":{"line":74,"column":4},"end":{"line":74,"column":32}},"35":{"start":{"line":75,"column":4},"end":{"line":78,"column":5}},"36":{"start":{"line":76,"column":6},"end":{"line":76,"column":87}},"37":{"start":{"line":76,"column":50},"end":{"line":76,"column":85}},"38":{"start":{"line":77,"column":6},"end":{"line":77,"column":61}},"39":{"start":{"line":82,"column":4},"end":{"line":84,"column":7}},"40":{"start":{"line":83,"column":6},"end":{"line":83,"column":40}},"41":{"start":{"line":88,"column":4},"end":{"line":88,"column":77}},"42":{"start":{"line":88,"column":48},"end":{"line":88,"column":75}},"43":{"start":{"line":92,"column":4},"end":{"line":92,"column":82}},"44":{"start":{"line":92,"column":39},"end":{"line":92,"column":66}},"45":{"start":{"line":96,"column":4},"end":{"line":96,"column":84}},"46":{"start":{"line":96,"column":39},"end":{"line":96,"column":66}},"47":{"start":{"line":101,"column":4},"end":{"line":101,"column":47}},"48":{"start":{"line":102,"column":28},"end":{"line":102,"column":73}},"49":{"start":{"line":103,"column":4},"end":{"line":103,"column":51}},"50":{"start":{"line":108,"column":19},"end":{"line":108,"column":21}},"51":{"start":{"line":109,"column":4},"end":{"line":114,"column":7}},"52":{"start":{"line":110,"column":8},"end":{"line":113,"column":9}},"53":{"start":{"line":111,"column":25},"end":{"line":111,"column":62}},"54":{"start":{"line":112,"column":12},"end":{"line":112,"column":144}},"55":{"start":{"line":116,"column":4},"end":{"line":116,"column":20}},"56":{"start":{"line":120,"column":28},"end":{"line":120,"column":76}}},"fnMap":{"0":{"name":"(anonymous_0)","decl":{"start":{"line":13,"column":2},"end":{"line":13,"column":3}},"loc":{"start":{"line":13,"column":39},"end":{"line":19,"column":3}},"line":13},"1":{"name":"(anonymous_1)","decl":{"start":{"line":21,"column":2},"end":{"line":21,"column":3}},"loc":{"start":{"line":21,"column":24},"end":{"line":44,"column":3}},"line":21},"2":{"name":"(anonymous_2)","decl":{"start":{"line":23,"column":23},"end":{"line":23,"column":24}},"loc":{"start":{"line":23,"column":44},"end":{"line":43,"column":5}},"line":23},"3":{"name":"(anonymous_3)","decl":{"start":{"line":26,"column":70},"end":{"line":26,"column":71}},"loc":{"start":{"line":26,"column":77},"end":{"line":26,"column":108}},"line":26},"4":{"name":"(anonymous_4)","decl":{"start":{"line":30,"column":87},"end":{"line":30,"column":88}},"loc":{"start":{"line":30,"column":94},"end":{"line":30,"column":125}},"line":30},"5":{"name":"(anonymous_5)","decl":{"start":{"line":34,"column":16},"end":{"line":34,"column":17}},"loc":{"start":{"line":34,"column":30},"end":{"line":37,"column":9}},"line":34},"6":{"name":"(anonymous_6)","decl":{"start":{"line":47,"column":2},"end":{"line":47,"column":3}},"loc":{"start":{"line":47,"column":38},"end":{"line":69,"column":3}},"line":47},"7":{"name":"(anonymous_7)","decl":{"start":{"line":57,"column":23},"end":{"line":57,"column":24}},"loc":{"start":{"line":57,"column":50},"end":{"line":68,"column":7}},"line":57},"8":{"name":"(anonymous_8)","decl":{"start":{"line":71,"column":2},"end":{"line":71,"column":3}},"loc":{"start":{"line":71,"column":31},"end":{"line":79,"column":3}},"line":71},"9":{"name":"(anonymous_9)","decl":{"start":{"line":72,"column":49},"end":{"line":72,"column":50}},"loc":{"start":{"line":72,"column":56},"end":{"line":72,"column":91}},"line":72},"10":{"name":"(anonymous_10)","decl":{"start":{"line":76,"column":43},"end":{"line":76,"column":44}},"loc":{"start":{"line":76,"column":50},"end":{"line":76,"column":85}},"line":76},"11":{"name":"(anonymous_11)","decl":{"start":{"line":81,"column":2},"end":{"line":81,"column":3}},"loc":{"start":{"line":81,"column":37},"end":{"line":85,"column":3}},"line":81},"12":{"name":"(anonymous_12)","decl":{"start":{"line":82,"column":21},"end":{"line":82,"column":22}},"loc":{"start":{"line":82,"column":32},"end":{"line":84,"column":5}},"line":82},"13":{"name":"(anonymous_13)","decl":{"start":{"line":87,"column":2},"end":{"line":87,"column":3}},"loc":{"start":{"line":87,"column":40},"end":{"line":89,"column":3}},"line":87},"14":{"name":"(anonymous_14)","decl":{"start":{"line":88,"column":41},"end":{"line":88,"column":42}},"loc":{"start":{"line":88,"column":48},"end":{"line":88,"column":75}},"line":88},"15":{"name":"(anonymous_15)","decl":{"start":{"line":91,"column":2},"end":{"line":91,"column":3}},"loc":{"start":{"line":91,"column":46},"end":{"line":93,"column":3}},"line":91},"16":{"name":"(anonymous_16)","decl":{"start":{"line":92,"column":32},"end":{"line":92,"column":33}},"loc":{"start":{"line":92,"column":39},"end":{"line":92,"column":66}},"line":92},"17":{"name":"(anonymous_17)","decl":{"start":{"line":95,"column":2},"end":{"line":95,"column":3}},"loc":{"start":{"line":95,"column":47},"end":{"line":97,"column":3}},"line":95},"18":{"name":"(anonymous_18)","decl":{"start":{"line":96,"column":32},"end":{"line":96,"column":33}},"loc":{"start":{"line":96,"column":39},"end":{"line":96,"column":66}},"line":96},"19":{"name":"(anonymous_19)","decl":{"start":{"line":99,"column":2},"end":{"line":99,"column":3}},"loc":{"start":{"line":99,"column":41},"end":{"line":104,"column":3}},"line":99},"20":{"name":"(anonymous_20)","decl":{"start":{"line":106,"column":2},"end":{"line":106,"column":3}},"loc":{"start":{"line":106,"column":57},"end":{"line":117,"column":1}},"line":106},"21":{"name":"(anonymous_21)","decl":{"start":{"line":109,"column":45},"end":{"line":109,"column":46}},"loc":{"start":{"line":109,"column":52},"end":{"line":114,"column":5}},"line":109}},"branchMap":{"0":{"loc":{"start":{"line":5,"column":15},"end":{"line":5,"column":50}},"type":"binary-expr","locations":[{"start":{"line":5,"column":15},"end":{"line":5,"column":33}},{"start":{"line":5,"column":37},"end":{"line":5,"column":50}}],"line":5},"1":{"loc":{"start":{"line":6,"column":20},"end":{"line":6,"column":67}},"type":"binary-expr","locations":[{"start":{"line":6,"column":20},"end":{"line":6,"column":45}},{"start":{"line":6,"column":49},"end":{"line":6,"column":67}}],"line":6},"2":{"loc":{"start":{"line":7,"column":27},"end":{"line":7,"column":104}},"type":"binary-expr","locations":[{"start":{"line":7,"column":27},"end":{"line":7,"column":60}},{"start":{"line":7,"column":64},"end":{"line":7,"column":89}},{"start":{"line":7,"column":93},"end":{"line":7,"column":104}}],"line":7},"3":{"loc":{"start":{"line":8,"column":13},"end":{"line":8,"column":44}},"type":"binary-expr","locations":[{"start":{"line":8,"column":13},"end":{"line":8,"column":29}},{"start":{"line":8,"column":33},"end":{"line":8,"column":44}}],"line":8},"4":{"loc":{"start":{"line":9,"column":19},"end":{"line":9,"column":63}},"type":"binary-expr","locations":[{"start":{"line":9,"column":19},"end":{"line":9,"column":42}},{"start":{"line":9,"column":46},"end":{"line":9,"column":63}}],"line":9},"5":{"loc":{"start":{"line":75,"column":4},"end":{"line":78,"column":5}},"type":"if","locations":[{"start":{"line":75,"column":4},"end":{"line":78,"column":5}},{"start":{},"end":{}}],"line":75},"6":{"loc":{"start":{"line":110,"column":8},"end":{"line":113,"column":9}},"type":"if","locations":[{"start":{"line":110,"column":8},"end":{"line":113,"column":9}},{"start":{},"end":{}}],"line":110},"7":{"loc":{"start":{"line":111,"column":25},"end":{"line":111,"column":62}},"type":"cond-expr","locations":[{"start":{"line":111,"column":42},"end":{"line":111,"column":53}},{"start":{"line":111,"column":56},"end":{"line":111,"column":62}}],"line":111}},"s":{"0":1,"1":1,"2":1,"3":1,"4":1,"5":1,"6":1,"7":1,"8":1,"9":1,"10":0,"11":0,"12":0,"13":0,"14":0,"15":0,"16":0,"17":0,"18":0,"19":0,"20":0,"21":0,"22":0,"23":0,"24":0,"25":0,"26":0,"27":0,"28":0,"29":0,"30":0,"31":0,"32":0,"33":0,"34":0,"35":0,"36":0,"37":0,"38":0,"39":0,"40":0,"41":0,"42":0,"43":0,"44":0,"45":0,"46":0,"47":0,"48":0,"49":0,"50":0,"51":0,"52":0,"53":0,"54":0,"55":0,"56":1},"f":{"0":1,"1":0,"2":0,"3":0,"4":0,"5":0,"6":0,"7":0,"8":0,"9":0,"10":0,"11":0,"12":0,"13":0,"14":0,"15":0,"16":0,"17":0,"18":0,"19":0,"20":0,"21":0},"b":{"0":[1,1],"1":[1,1],"2":[1,1,0],"3":[1,0],"4":[1,1],"5":[0,0],"6":[0,0],"7":[0,0]},"_coverageSchema":"1a1c01bbd47fc00a2c39e90264f33305004495a9","hash":"7b8d57d2890cfd77844325cad9c0149b57d888f7"}
,"/Users/pierredeclemy/Documents/code/discord-gpt-js/tests/handlers/sum.js": {"path":"/Users/pierredeclemy/Documents/code/discord-gpt-js/tests/handlers/sum.js","statementMap":{"0":{"start":{"line":2,"column":4},"end":{"line":2,"column":17}},"1":{"start":{"line":4,"column":2},"end":{"line":4,"column":23}}},"fnMap":{"0":{"name":"sum","decl":{"start":{"line":1,"column":9},"end":{"line":1,"column":12}},"loc":{"start":{"line":1,"column":19},"end":{"line":3,"column":3}},"line":1}},"branchMap":{},"s":{"0":1,"1":1},"f":{"0":1},"b":{},"_coverageSchema":"1a1c01bbd47fc00a2c39e90264f33305004495a9","hash":"cdcbf4f8a289e952c316c98a214f866c8d83e993"}
,"/Users/pierredeclemy/Documents/code/discord-gpt-js/tools/braveSearch.js": {"path":"/Users/pierredeclemy/Documents/code/discord-gpt-js/tools/braveSearch.js","statementMap":{"0":{"start":{"line":4,"column":26},"end":{"line":4,"column":86}},"1":{"start":{"line":5,"column":13},"end":{"line":5,"column":24}},"2":{"start":{"line":7,"column":23},"end":{"line":30,"column":1}},"3":{"start":{"line":8,"column":4},"end":{"line":29,"column":5}},"4":{"start":{"line":9,"column":32},"end":{"line":9,"column":49}},"5":{"start":{"line":10,"column":26},"end":{"line":10,"column":39}},"6":{"start":{"line":11,"column":8},"end":{"line":11,"column":55}},"7":{"start":{"line":12,"column":8},"end":{"line":12,"column":52}},"8":{"start":{"line":13,"column":8},"end":{"line":13,"column":68}},"9":{"start":{"line":15,"column":31},"end":{"line":19,"column":9}},"10":{"start":{"line":21,"column":25},"end":{"line":21,"column":180}},"11":{"start":{"line":22,"column":21},"end":{"line":22,"column":42}},"12":{"start":{"line":23,"column":8},"end":{"line":23,"column":36}},"13":{"start":{"line":24,"column":8},"end":{"line":24,"column":28}},"14":{"start":{"line":25,"column":8},"end":{"line":25,"column":69}},"15":{"start":{"line":26,"column":8},"end":{"line":26,"column":62}},"16":{"start":{"line":28,"column":8},"end":{"line":28,"column":20}},"17":{"start":{"line":33,"column":0},"end":{"line":45,"column":1}}},"fnMap":{"0":{"name":"(anonymous_0)","decl":{"start":{"line":7,"column":23},"end":{"line":7,"column":24}},"loc":{"start":{"line":7,"column":40},"end":{"line":30,"column":1}},"line":7}},"branchMap":{"0":{"loc":{"start":{"line":4,"column":26},"end":{"line":4,"column":86}},"type":"binary-expr","locations":[{"start":{"line":4,"column":26},"end":{"line":4,"column":58}},{"start":{"line":4,"column":62},"end":{"line":4,"column":86}}],"line":4}},"s":{"0":1,"1":1,"2":1,"3":0,"4":0,"5":0,"6":0,"7":0,"8":0,"9":0,"10":0,"11":0,"12":0,"13":0,"14":0,"15":0,"16":0,"17":1},"f":{"0":0},"b":{"0":[1,1]},"_coverageSchema":"1a1c01bbd47fc00a2c39e90264f33305004495a9","hash":"f8fa4cdfbc7fe68bacc4675c22da185fa1affd89"}
,"/Users/pierredeclemy/Documents/code/discord-gpt-js/tools/cryptoPriceTracker.js": {"path":"/Users/pierredeclemy/Documents/code/discord-gpt-js/tools/cryptoPriceTracker.js","statementMap":{"0":{"start":{"line":4,"column":19},"end":{"line":4,"column":64}},"1":{"start":{"line":5,"column":21},"end":{"line":5,"column":69}},"2":{"start":{"line":7,"column":23},"end":{"line":25,"column":1}},"3":{"start":{"line":9,"column":28},"end":{"line":9,"column":45}},"4":{"start":{"line":10,"column":4},"end":{"line":10,"column":33}},"5":{"start":{"line":11,"column":22},"end":{"line":11,"column":35}},"6":{"start":{"line":12,"column":4},"end":{"line":12,"column":45}},"7":{"start":{"line":13,"column":4},"end":{"line":13,"column":50}},"8":{"start":{"line":15,"column":27},"end":{"line":19,"column":5}},"9":{"start":{"line":21,"column":17},"end":{"line":21,"column":128}},"10":{"start":{"line":22,"column":4},"end":{"line":22,"column":33}},"11":{"start":{"line":23,"column":4},"end":{"line":23,"column":24}},"12":{"start":{"line":24,"column":4},"end":{"line":24,"column":18}},"13":{"start":{"line":28,"column":0},"end":{"line":40,"column":1}}},"fnMap":{"0":{"name":"(anonymous_0)","decl":{"start":{"line":7,"column":23},"end":{"line":7,"column":24}},"loc":{"start":{"line":7,"column":40},"end":{"line":25,"column":1}},"line":7}},"branchMap":{"0":{"loc":{"start":{"line":4,"column":19},"end":{"line":4,"column":64}},"type":"binary-expr","locations":[{"start":{"line":4,"column":19},"end":{"line":4,"column":43}},{"start":{"line":4,"column":47},"end":{"line":4,"column":64}}],"line":4},"1":{"loc":{"start":{"line":5,"column":21},"end":{"line":5,"column":69}},"type":"binary-expr","locations":[{"start":{"line":5,"column":21},"end":{"line":5,"column":46}},{"start":{"line":5,"column":50},"end":{"line":5,"column":69}}],"line":5}},"s":{"0":1,"1":1,"2":1,"3":0,"4":0,"5":0,"6":0,"7":0,"8":0,"9":0,"10":0,"11":0,"12":0,"13":1},"f":{"0":0},"b":{"0":[1,1],"1":[1,1]},"_coverageSchema":"1a1c01bbd47fc00a2c39e90264f33305004495a9","hash":"deb78206489f13a130c2d736ddcfeeeb62dd3c70"}
,"/Users/pierredeclemy/Documents/code/discord-gpt-js/tools/dune.js": {"path":"/Users/pierredeclemy/Documents/code/discord-gpt-js/tools/dune.js","statementMap":{"0":{"start":{"line":4,"column":19},"end":{"line":4,"column":64}},"1":{"start":{"line":6,"column":22},"end":{"line":24,"column":1}},"2":{"start":{"line":8,"column":18},"end":{"line":8,"column":45}},"3":{"start":{"line":9,"column":22},"end":{"line":9,"column":41}},"4":{"start":{"line":10,"column":4},"end":{"line":10,"column":51}},"5":{"start":{"line":11,"column":27},"end":{"line":15,"column":5}},"6":{"start":{"line":17,"column":4},"end":{"line":23,"column":5}},"7":{"start":{"line":18,"column":25},"end":{"line":18,"column":114}},"8":{"start":{"line":19,"column":23},"end":{"line":19,"column":44}},"9":{"start":{"line":20,"column":8},"end":{"line":20,"column":22}},"10":{"start":{"line":22,"column":8},"end":{"line":22,"column":29}},"11":{"start":{"line":27,"column":0},"end":{"line":39,"column":1}}},"fnMap":{"0":{"name":"(anonymous_0)","decl":{"start":{"line":6,"column":22},"end":{"line":6,"column":23}},"loc":{"start":{"line":6,"column":41},"end":{"line":24,"column":1}},"line":6}},"branchMap":{"0":{"loc":{"start":{"line":4,"column":19},"end":{"line":4,"column":64}},"type":"binary-expr","locations":[{"start":{"line":4,"column":19},"end":{"line":4,"column":43}},{"start":{"line":4,"column":47},"end":{"line":4,"column":64}}],"line":4}},"s":{"0":1,"1":1,"2":0,"3":0,"4":0,"5":0,"6":0,"7":0,"8":0,"9":0,"10":0,"11":1},"f":{"0":0},"b":{"0":[1,1]},"_coverageSchema":"1a1c01bbd47fc00a2c39e90264f33305004495a9","hash":"bc373573d0af46e4cb6b0aa0a00442b40a8eb121"}
,"/Users/pierredeclemy/Documents/code/discord-gpt-js/tools/generateImage.js": {"path":"/Users/pierredeclemy/Documents/code/discord-gpt-js/tools/generateImage.js","statementMap":{"0":{"start":{"line":4,"column":18},"end":{"line":4,"column":60}},"1":{"start":{"line":6,"column":22},"end":{"line":23,"column":1}},"2":{"start":{"line":8,"column":4},"end":{"line":22,"column":5}},"3":{"start":{"line":9,"column":23},"end":{"line":9,"column":46}},"4":{"start":{"line":10,"column":25},"end":{"line":15,"column":10}},"5":{"start":{"line":16,"column":8},"end":{"line":16,"column":53}},"6":{"start":{"line":18,"column":8},"end":{"line":18,"column":27}},"7":{"start":{"line":19,"column":8},"end":{"line":21,"column":9}},"8":{"start":{"line":20,"column":12},"end":{"line":20,"column":52}},"9":{"start":{"line":25,"column":26},"end":{"line":37,"column":1}}},"fnMap":{"0":{"name":"(anonymous_0)","decl":{"start":{"line":6,"column":22},"end":{"line":6,"column":23}},"loc":{"start":{"line":6,"column":45},"end":{"line":23,"column":1}},"line":6}},"branchMap":{"0":{"loc":{"start":{"line":4,"column":18},"end":{"line":4,"column":60}},"type":"binary-expr","locations":[{"start":{"line":4,"column":18},"end":{"line":4,"column":40}},{"start":{"line":4,"column":44},"end":{"line":4,"column":60}}],"line":4},"1":{"loc":{"start":{"line":19,"column":8},"end":{"line":21,"column":9}},"type":"if","locations":[{"start":{"line":19,"column":8},"end":{"line":21,"column":9}},{"start":{},"end":{}}],"line":19},"2":{"loc":{"start":{"line":19,"column":12},"end":{"line":19,"column":41}},"type":"binary-expr","locations":[{"start":{"line":19,"column":12},"end":{"line":19,"column":17}},{"start":{"line":19,"column":21},"end":{"line":19,"column":41}}],"line":19}},"s":{"0":1,"1":1,"2":0,"3":0,"4":0,"5":0,"6":0,"7":0,"8":0,"9":1},"f":{"0":0},"b":{"0":[1,1],"1":[0,0],"2":[0,0]},"_coverageSchema":"1a1c01bbd47fc00a2c39e90264f33305004495a9","hash":"d3ecbc715dcb7f28c94fc8b218e30e694c56e02c"}
,"/Users/pierredeclemy/Documents/code/discord-gpt-js/tools/googleNews.js": {"path":"/Users/pierredeclemy/Documents/code/discord-gpt-js/tools/googleNews.js","statementMap":{"0":{"start":{"line":4,"column":19},"end":{"line":4,"column":64}},"1":{"start":{"line":5,"column":13},"end":{"line":5,"column":24}},"2":{"start":{"line":6,"column":26},"end":{"line":6,"column":84}},"3":{"start":{"line":8,"column":22},"end":{"line":27,"column":1}},"4":{"start":{"line":9,"column":4},"end":{"line":26,"column":5}},"5":{"start":{"line":10,"column":32},"end":{"line":10,"column":49}},"6":{"start":{"line":12,"column":25},"end":{"line":20,"column":10}},"7":{"start":{"line":22,"column":8},"end":{"line":22,"column":30}},"8":{"start":{"line":23,"column":8},"end":{"line":23,"column":24}},"9":{"start":{"line":25,"column":8},"end":{"line":25,"column":29}},"10":{"start":{"line":29,"column":26},"end":{"line":41,"column":1}}},"fnMap":{"0":{"name":"(anonymous_0)","decl":{"start":{"line":8,"column":22},"end":{"line":8,"column":23}},"loc":{"start":{"line":8,"column":39},"end":{"line":27,"column":1}},"line":8}},"branchMap":{"0":{"loc":{"start":{"line":4,"column":19},"end":{"line":4,"column":64}},"type":"binary-expr","locations":[{"start":{"line":4,"column":19},"end":{"line":4,"column":43}},{"start":{"line":4,"column":47},"end":{"line":4,"column":64}}],"line":4},"1":{"loc":{"start":{"line":6,"column":26},"end":{"line":6,"column":84}},"type":"binary-expr","locations":[{"start":{"line":6,"column":26},"end":{"line":6,"column":56}},{"start":{"line":6,"column":60},"end":{"line":6,"column":84}}],"line":6}},"s":{"0":1,"1":1,"2":1,"3":1,"4":0,"5":0,"6":0,"7":0,"8":0,"9":0,"10":1},"f":{"0":0},"b":{"0":[1,1],"1":[1,1]},"_coverageSchema":"1a1c01bbd47fc00a2c39e90264f33305004495a9","hash":"1e5a8c1cf01610fc3dfa2374e8988ee0d741e82b"}
}
