TN:
SF:handlers/AiCompletionHandler.js
FN:11,(anonymous_0)
FN:19,(anonymous_1)
FN:21,(anonymous_2)
FN:24,(anonymous_3)
FN:28,(anonymous_4)
FN:32,(anonymous_5)
FN:45,(anonymous_6)
FN:62,(anonymous_7)
FN:77,(anonymous_8)
FN:78,(anonymous_9)
FN:84,(anonymous_10)
FN:88,(anonymous_11)
FN:89,(anonymous_12)
FN:94,(anonymous_13)
FN:95,(anonymous_14)
FN:98,(anonymous_15)
FN:99,(anonymous_16)
FN:102,(anonymous_17)
FN:103,(anonymous_18)
FN:106,(anonymous_19)
FN:112,(anonymous_20)
FN:115,(anonymous_21)
FNF:22
FNH:14
FNDA:6,(anonymous_0)
FNDA:0,(anonymous_1)
FNDA:0,(anonymous_2)
FNDA:0,(anonymous_3)
FNDA:0,(anonymous_4)
FNDA:0,(anonymous_5)
FNDA:0,(anonymous_6)
FNDA:0,(anonymous_7)
FNDA:13,(anonymous_8)
FNDA:9,(anonymous_9)
FNDA:9,(anonymous_10)
FNDA:4,(anonymous_11)
FNDA:10,(anonymous_12)
FNDA:1,(anonymous_13)
FNDA:0,(anonymous_14)
FNDA:2,(anonymous_15)
FNDA:6,(anonymous_16)
FNDA:2,(anonymous_17)
FNDA:6,(anonymous_18)
FNDA:1,(anonymous_19)
FNDA:1,(anonymous_20)
FNDA:2,(anonymous_21)
DA:4,1
DA:5,1
DA:6,1
DA:7,1
DA:12,6
DA:13,6
DA:14,6
DA:15,6
DA:16,6
DA:21,0
DA:22,0
DA:23,0
DA:24,0
DA:25,0
DA:28,0
DA:33,0
DA:34,0
DA:38,0
DA:39,0
DA:47,0
DA:48,0
DA:57,0
DA:58,0
DA:60,0
DA:61,0
DA:62,0
DA:64,0
DA:71,0
DA:72,0
DA:73,0
DA:78,13
DA:80,13
DA:81,13
DA:82,1
DA:84,13
DA:85,13
DA:89,4
DA:90,10
DA:95,1
DA:99,6
DA:103,6
DA:107,1
DA:108,1
DA:109,1
DA:114,1
DA:115,1
DA:116,2
DA:117,2
DA:118,2
DA:119,2
DA:123,1
LF:51
LH:30
BRDA:4,0,0,1
BRDA:4,0,1,1
BRDA:5,1,0,1
BRDA:5,1,1,1
BRDA:5,1,2,0
BRDA:6,2,0,1
BRDA:6,2,1,0
BRDA:7,3,0,1
BRDA:7,3,1,1
BRDA:77,4,0,1
BRDA:81,5,0,1
BRDA:81,5,1,12
BRDA:88,6,0,1
BRDA:116,7,0,2
BRDA:116,7,1,0
BRDA:117,8,0,1
BRDA:117,8,1,1
BRF:17
BRH:14
end_of_record
TN:
SF:tools/generateImage.js
FN:6,(anonymous_0)
FNF:1
FNH:0
FNDA:0,(anonymous_0)
DA:4,1
DA:6,1
DA:8,0
DA:9,0
DA:10,0
DA:16,0
DA:22,0
DA:24,0
DA:25,0
DA:26,0
DA:31,1
LF:11
LH:3
BRDA:4,0,0,1
BRDA:4,0,1,1
BRDA:25,1,0,0
BRDA:25,1,1,0
BRDA:25,2,0,0
BRDA:25,2,1,0
BRF:6
BRH:2
end_of_record
